15:13:55.937 [main] INFO  testCases.TC001_AccReg - *****TEST CASE STARTED ******
15:13:56.857 [main] INFO  testCases.TC001_AccReg - ####ENTERING VALUES######
15:13:57.237 [main] INFO  testCases.TC001_AccReg - #####CLICKING BUTTON#####
15:13:58.435 [main] ERROR testCases.TC001_AccReg - ###TEST FAILED####
15:13:58.436 [main] DEBUG testCases.TC001_AccReg - #####DEBUG LOG IS####
16:50:45.581 [TestNG-tests-1] INFO  testCases.TC001_AccReg - *****TEST CASE STARTED ******
16:50:47.030 [TestNG-tests-2] INFO  testCases.TC001_AccReg - *****TEST CASE STARTED ******
16:50:47.068 [TestNG-tests-1] INFO  testCases.TC001_AccReg - ####ENTERING VALUES######
16:50:47.475 [TestNG-tests-1] INFO  testCases.TC001_AccReg - #####CLICKING BUTTON#####
16:50:48.027 [TestNG-tests-2] INFO  testCases.TC001_AccReg - ####ENTERING VALUES######
16:50:48.429 [TestNG-tests-1] INFO  testCases.TC001_AccReg - ******TEST FINISHED******
16:50:48.438 [TestNG-tests-2] INFO  testCases.TC001_AccReg - #####CLICKING BUTTON#####
16:50:49.222 [TestNG-tests-2] INFO  testCases.TC001_AccReg - ******TEST FINISHED******
11:56:31.666 [main] INFO  testCases.TC002_Login - ****LOGIN STARTING*****
11:56:33.381 [main] INFO  testCases.TC002_Login - ********TEST COMPLETED *******
18:20:20.698 [main] DEBUG org.apache.poi.openxml4j.opc.PackageRelationshipCollection - Parsing relationship: /xl/_rels/workbook.xml.rels
18:20:20.702 [main] DEBUG org.apache.poi.openxml4j.opc.PackageRelationshipCollection - Parsing relationship: /xl/worksheets/_rels/sheet1.xml.rels
18:20:20.702 [main] DEBUG org.apache.poi.openxml4j.opc.PackageRelationshipCollection - Parsing relationship: /_rels/.rels
18:20:21.154 [main] DEBUG org.apache.poi.openxml4j.opc.PackageRelationshipCollection - Parsing relationship: /xl/_rels/workbook.xml.rels
18:20:21.154 [main] DEBUG org.apache.poi.openxml4j.opc.PackageRelationshipCollection - Parsing relationship: /xl/worksheets/_rels/sheet1.xml.rels
18:20:21.155 [main] DEBUG org.apache.poi.openxml4j.opc.PackageRelationshipCollection - Parsing relationship: /_rels/.rels
18:20:21.182 [main] DEBUG org.apache.poi.openxml4j.opc.PackageRelationshipCollection - Parsing relationship: /xl/_rels/workbook.xml.rels
18:20:21.184 [main] DEBUG org.apache.poi.openxml4j.opc.PackageRelationshipCollection - Parsing relationship: /xl/worksheets/_rels/sheet1.xml.rels
18:20:21.185 [main] DEBUG org.apache.poi.openxml4j.opc.PackageRelationshipCollection - Parsing relationship: /_rels/.rels
18:20:21.225 [main] DEBUG org.apache.poi.openxml4j.opc.PackageRelationshipCollection - Parsing relationship: /xl/_rels/workbook.xml.rels
18:20:21.226 [main] DEBUG org.apache.poi.openxml4j.opc.PackageRelationshipCollection - Parsing relationship: /xl/worksheets/_rels/sheet1.xml.rels
18:20:21.227 [main] DEBUG org.apache.poi.openxml4j.opc.PackageRelationshipCollection - Parsing relationship: /_rels/.rels
18:20:21.247 [main] DEBUG org.apache.poi.openxml4j.opc.PackageRelationshipCollection - Parsing relationship: /xl/_rels/workbook.xml.rels
18:20:21.248 [main] DEBUG org.apache.poi.openxml4j.opc.PackageRelationshipCollection - Parsing relationship: /xl/worksheets/_rels/sheet1.xml.rels
18:20:21.249 [main] DEBUG org.apache.poi.openxml4j.opc.PackageRelationshipCollection - Parsing relationship: /_rels/.rels
18:20:21.269 [main] DEBUG org.apache.poi.openxml4j.opc.PackageRelationshipCollection - Parsing relationship: /xl/_rels/workbook.xml.rels
18:20:21.270 [main] DEBUG org.apache.poi.openxml4j.opc.PackageRelationshipCollection - Parsing relationship: /xl/worksheets/_rels/sheet1.xml.rels
18:20:21.271 [main] DEBUG org.apache.poi.openxml4j.opc.PackageRelationshipCollection - Parsing relationship: /_rels/.rels
18:20:21.289 [main] DEBUG org.apache.poi.openxml4j.opc.PackageRelationshipCollection - Parsing relationship: /xl/_rels/workbook.xml.rels
18:20:21.290 [main] DEBUG org.apache.poi.openxml4j.opc.PackageRelationshipCollection - Parsing relationship: /xl/worksheets/_rels/sheet1.xml.rels
18:20:21.290 [main] DEBUG org.apache.poi.openxml4j.opc.PackageRelationshipCollection - Parsing relationship: /_rels/.rels
18:20:21.303 [main] DEBUG org.apache.poi.openxml4j.opc.PackageRelationshipCollection - Parsing relationship: /xl/_rels/workbook.xml.rels
18:20:21.304 [main] DEBUG org.apache.poi.openxml4j.opc.PackageRelationshipCollection - Parsing relationship: /xl/worksheets/_rels/sheet1.xml.rels
18:20:21.305 [main] DEBUG org.apache.poi.openxml4j.opc.PackageRelationshipCollection - Parsing relationship: /_rels/.rels
18:20:21.320 [main] DEBUG org.apache.poi.openxml4j.opc.PackageRelationshipCollection - Parsing relationship: /xl/_rels/workbook.xml.rels
18:20:21.321 [main] DEBUG org.apache.poi.openxml4j.opc.PackageRelationshipCollection - Parsing relationship: /xl/worksheets/_rels/sheet1.xml.rels
18:20:21.321 [main] DEBUG org.apache.poi.openxml4j.opc.PackageRelationshipCollection - Parsing relationship: /_rels/.rels
18:20:21.334 [main] DEBUG org.apache.poi.openxml4j.opc.PackageRelationshipCollection - Parsing relationship: /xl/_rels/workbook.xml.rels
18:20:21.335 [main] DEBUG org.apache.poi.openxml4j.opc.PackageRelationshipCollection - Parsing relationship: /xl/worksheets/_rels/sheet1.xml.rels
18:20:21.335 [main] DEBUG org.apache.poi.openxml4j.opc.PackageRelationshipCollection - Parsing relationship: /_rels/.rels
18:20:21.368 [main] DEBUG org.apache.poi.openxml4j.opc.PackageRelationshipCollection - Parsing relationship: /xl/_rels/workbook.xml.rels
18:20:21.369 [main] DEBUG org.apache.poi.openxml4j.opc.PackageRelationshipCollection - Parsing relationship: /xl/worksheets/_rels/sheet1.xml.rels
18:20:21.370 [main] DEBUG org.apache.poi.openxml4j.opc.PackageRelationshipCollection - Parsing relationship: /_rels/.rels
18:20:21.410 [main] INFO  testCases.TC003_LoginDDT - ****LOGIN STARTING*****
18:20:24.220 [main] INFO  testCases.TC003_LoginDDT - ****LOGIN Finished*****
18:20:24.227 [main] INFO  testCases.TC003_LoginDDT - ****LOGIN STARTING*****
18:20:35.284 [main] INFO  testCases.TC003_LoginDDT - ****LOGIN Finished*****
18:20:35.286 [main] INFO  testCases.TC003_LoginDDT - ****LOGIN STARTING*****
18:20:46.744 [main] INFO  testCases.TC003_LoginDDT - ****LOGIN Finished*****
18:24:05.248 [main] DEBUG org.apache.poi.openxml4j.opc.PackageRelationshipCollection - Parsing relationship: /xl/_rels/workbook.xml.rels
18:24:05.252 [main] DEBUG org.apache.poi.openxml4j.opc.PackageRelationshipCollection - Parsing relationship: /xl/worksheets/_rels/sheet1.xml.rels
18:24:05.253 [main] DEBUG org.apache.poi.openxml4j.opc.PackageRelationshipCollection - Parsing relationship: /_rels/.rels
18:24:05.625 [main] DEBUG org.apache.poi.openxml4j.opc.PackageRelationshipCollection - Parsing relationship: /xl/_rels/workbook.xml.rels
18:24:05.626 [main] DEBUG org.apache.poi.openxml4j.opc.PackageRelationshipCollection - Parsing relationship: /xl/worksheets/_rels/sheet1.xml.rels
18:24:05.627 [main] DEBUG org.apache.poi.openxml4j.opc.PackageRelationshipCollection - Parsing relationship: /_rels/.rels
18:24:05.644 [main] DEBUG org.apache.poi.openxml4j.opc.PackageRelationshipCollection - Parsing relationship: /xl/_rels/workbook.xml.rels
18:24:05.645 [main] DEBUG org.apache.poi.openxml4j.opc.PackageRelationshipCollection - Parsing relationship: /xl/worksheets/_rels/sheet1.xml.rels
18:24:05.645 [main] DEBUG org.apache.poi.openxml4j.opc.PackageRelationshipCollection - Parsing relationship: /_rels/.rels
18:24:05.677 [main] DEBUG org.apache.poi.openxml4j.opc.PackageRelationshipCollection - Parsing relationship: /xl/_rels/workbook.xml.rels
18:24:05.678 [main] DEBUG org.apache.poi.openxml4j.opc.PackageRelationshipCollection - Parsing relationship: /xl/worksheets/_rels/sheet1.xml.rels
18:24:05.679 [main] DEBUG org.apache.poi.openxml4j.opc.PackageRelationshipCollection - Parsing relationship: /_rels/.rels
18:24:05.696 [main] DEBUG org.apache.poi.openxml4j.opc.PackageRelationshipCollection - Parsing relationship: /xl/_rels/workbook.xml.rels
18:24:05.696 [main] DEBUG org.apache.poi.openxml4j.opc.PackageRelationshipCollection - Parsing relationship: /xl/worksheets/_rels/sheet1.xml.rels
18:24:05.697 [main] DEBUG org.apache.poi.openxml4j.opc.PackageRelationshipCollection - Parsing relationship: /_rels/.rels
18:24:05.709 [main] DEBUG org.apache.poi.openxml4j.opc.PackageRelationshipCollection - Parsing relationship: /xl/_rels/workbook.xml.rels
18:24:05.710 [main] DEBUG org.apache.poi.openxml4j.opc.PackageRelationshipCollection - Parsing relationship: /xl/worksheets/_rels/sheet1.xml.rels
18:24:05.710 [main] DEBUG org.apache.poi.openxml4j.opc.PackageRelationshipCollection - Parsing relationship: /_rels/.rels
18:24:05.722 [main] DEBUG org.apache.poi.openxml4j.opc.PackageRelationshipCollection - Parsing relationship: /xl/_rels/workbook.xml.rels
18:24:05.723 [main] DEBUG org.apache.poi.openxml4j.opc.PackageRelationshipCollection - Parsing relationship: /xl/worksheets/_rels/sheet1.xml.rels
18:24:05.724 [main] DEBUG org.apache.poi.openxml4j.opc.PackageRelationshipCollection - Parsing relationship: /_rels/.rels
18:24:05.737 [main] DEBUG org.apache.poi.openxml4j.opc.PackageRelationshipCollection - Parsing relationship: /xl/_rels/workbook.xml.rels
18:24:05.738 [main] DEBUG org.apache.poi.openxml4j.opc.PackageRelationshipCollection - Parsing relationship: /xl/worksheets/_rels/sheet1.xml.rels
18:24:05.739 [main] DEBUG org.apache.poi.openxml4j.opc.PackageRelationshipCollection - Parsing relationship: /_rels/.rels
18:24:05.751 [main] DEBUG org.apache.poi.openxml4j.opc.PackageRelationshipCollection - Parsing relationship: /xl/_rels/workbook.xml.rels
18:24:05.752 [main] DEBUG org.apache.poi.openxml4j.opc.PackageRelationshipCollection - Parsing relationship: /xl/worksheets/_rels/sheet1.xml.rels
18:24:05.752 [main] DEBUG org.apache.poi.openxml4j.opc.PackageRelationshipCollection - Parsing relationship: /_rels/.rels
18:24:05.763 [main] DEBUG org.apache.poi.openxml4j.opc.PackageRelationshipCollection - Parsing relationship: /xl/_rels/workbook.xml.rels
18:24:05.764 [main] DEBUG org.apache.poi.openxml4j.opc.PackageRelationshipCollection - Parsing relationship: /xl/worksheets/_rels/sheet1.xml.rels
18:24:05.764 [main] DEBUG org.apache.poi.openxml4j.opc.PackageRelationshipCollection - Parsing relationship: /_rels/.rels
18:24:05.788 [main] DEBUG org.apache.poi.openxml4j.opc.PackageRelationshipCollection - Parsing relationship: /xl/_rels/workbook.xml.rels
18:24:05.789 [main] DEBUG org.apache.poi.openxml4j.opc.PackageRelationshipCollection - Parsing relationship: /xl/worksheets/_rels/sheet1.xml.rels
18:24:05.790 [main] DEBUG org.apache.poi.openxml4j.opc.PackageRelationshipCollection - Parsing relationship: /_rels/.rels
18:24:05.799 [main] DEBUG org.apache.poi.openxml4j.opc.PackageRelationshipCollection - Parsing relationship: /xl/_rels/workbook.xml.rels
18:24:05.799 [main] DEBUG org.apache.poi.openxml4j.opc.PackageRelationshipCollection - Parsing relationship: /xl/worksheets/_rels/sheet1.xml.rels
18:24:05.800 [main] DEBUG org.apache.poi.openxml4j.opc.PackageRelationshipCollection - Parsing relationship: /_rels/.rels
18:24:05.812 [main] DEBUG org.apache.poi.openxml4j.opc.PackageRelationshipCollection - Parsing relationship: /xl/_rels/workbook.xml.rels
18:24:05.812 [main] DEBUG org.apache.poi.openxml4j.opc.PackageRelationshipCollection - Parsing relationship: /xl/worksheets/_rels/sheet1.xml.rels
18:24:05.813 [main] DEBUG org.apache.poi.openxml4j.opc.PackageRelationshipCollection - Parsing relationship: /_rels/.rels
18:24:05.826 [main] DEBUG org.apache.poi.openxml4j.opc.PackageRelationshipCollection - Parsing relationship: /xl/_rels/workbook.xml.rels
18:24:05.826 [main] DEBUG org.apache.poi.openxml4j.opc.PackageRelationshipCollection - Parsing relationship: /xl/worksheets/_rels/sheet1.xml.rels
18:24:05.827 [main] DEBUG org.apache.poi.openxml4j.opc.PackageRelationshipCollection - Parsing relationship: /_rels/.rels
18:24:05.844 [main] INFO  testCases.TC003_LoginDDT - ****LOGIN STARTING*****
18:24:08.029 [main] INFO  testCases.TC003_LoginDDT - ****LOGIN Finished*****
18:24:08.036 [main] INFO  testCases.TC003_LoginDDT - ****LOGIN STARTING*****
18:24:19.115 [main] INFO  testCases.TC003_LoginDDT - ****LOGIN Finished*****
18:24:19.117 [main] INFO  testCases.TC003_LoginDDT - ****LOGIN STARTING*****
18:24:30.590 [main] INFO  testCases.TC003_LoginDDT - ****LOGIN Finished*****
18:24:30.594 [main] INFO  testCases.TC003_LoginDDT - ****LOGIN STARTING*****
18:24:41.884 [main] INFO  testCases.TC003_LoginDDT - ****LOGIN Finished*****
18:58:36.881 [main] INFO  testCases.TC002_Login - ****LOGIN STARTING*****
18:58:38.570 [main] INFO  testCases.TC002_Login - ********TEST COMPLETED *******
12:47:44.544 [main] INFO  testCases.TC001_AccReg - *****TEST CASE STARTED ******
12:47:45.662 [main] INFO  testCases.TC001_AccReg - ####ENTERING VALUES######
12:47:46.150 [main] INFO  testCases.TC001_AccReg - #####CLICKING BUTTON#####
12:47:46.957 [main] INFO  testCases.TC001_AccReg - ******TEST FINISHED******
12:47:52.098 [main] INFO  testCases.TC002_Login - ****LOGIN STARTING*****
12:53:15.389 [main] INFO  testCases.TC001_AccReg - *****TEST CASE STARTED ******
12:53:16.723 [main] INFO  testCases.TC001_AccReg - ####ENTERING VALUES######
12:53:17.316 [main] INFO  testCases.TC001_AccReg - #####CLICKING BUTTON#####
12:53:18.175 [main] INFO  testCases.TC001_AccReg - ******TEST FINISHED******
12:53:23.572 [main] INFO  testCases.TC002_Login - ****LOGIN STARTING*****
12:57:51.580 [main] INFO  testCases.TC001_AccReg - *****TEST CASE STARTED ******
12:57:52.543 [main] INFO  testCases.TC001_AccReg - ####ENTERING VALUES######
12:57:52.992 [main] INFO  testCases.TC001_AccReg - #####CLICKING BUTTON#####
12:57:53.825 [main] INFO  testCases.TC001_AccReg - ******TEST FINISHED******
12:57:58.617 [main] INFO  testCases.TC002_Login - ****LOGIN STARTING*****
14:06:43.679 [main] INFO  testCases.TC004_MacToCart - ******TC004 Starting*****
14:06:44.063 [main] INFO  testCases.TC004_MacToCart - -------Logging into the app --------
14:06:45.966 [main] INFO  testCases.TC004_MacToCart - -------- adding the mac to cart ------
14:06:46.279 [main] INFO  testCases.TC004_MacToCart - ****TEST COMPLETED******
14:07:58.663 [main] INFO  testCases.TC004_MacToCart - ******TC004 Starting*****
14:07:59.053 [main] INFO  testCases.TC004_MacToCart - -------Logging into the app --------
14:08:00.963 [main] INFO  testCases.TC004_MacToCart - -------- adding the mac to cart ------
14:08:01.278 [main] INFO  testCases.TC004_MacToCart - ****TEST COMPLETED******
14:10:23.612 [main] INFO  testCases.TC004_MacToCart - ******TC004 Starting*****
14:10:24.172 [main] INFO  testCases.TC004_MacToCart - -------Logging into the app --------
14:10:26.173 [main] INFO  testCases.TC004_MacToCart - -------- adding the mac to cart ------
14:10:26.482 [main] INFO  testCases.TC004_MacToCart - ****TEST COMPLETED******
14:11:05.205 [main] INFO  testCases.TC004_MacToCart - ******TC004 Starting*****
14:11:05.599 [main] INFO  testCases.TC004_MacToCart - -------Logging into the app --------
14:11:08.094 [main] INFO  testCases.TC004_MacToCart - -------- adding the mac to cart ------
14:11:08.412 [main] INFO  testCases.TC004_MacToCart - ****TEST COMPLETED******
15:00:48.543 [main] INFO  testCases.TC004_MacToCart - ******TC004 Starting*****
15:00:49.365 [main] INFO  testCases.TC004_MacToCart - -------Logging into the app --------
15:00:51.660 [main] INFO  testCases.TC004_MacToCart - -------- adding the mac to cart ------
15:00:51.995 [main] INFO  testCases.TC004_MacToCart - ****TEST COMPLETED******
15:00:57.551 [main] INFO  testCases.TC005_SamsungToCart - +_+_+_+_+_**Starting Testcase 05++^+&+&+*+*
15:01:04.010 [main] INFO  testCases.TC005_SamsungToCart - +_+_+_+_+_**Finishing Testcase 05++^+&+&+*+*
23:11:46.481 [main] INFO  testCases.TC004_MacToCart - ******TC004 Starting*****
23:11:46.937 [main] INFO  testCases.TC004_MacToCart - -------Logging into the app --------
23:11:49.079 [main] INFO  testCases.TC004_MacToCart - -------- adding the mac to cart ------
23:11:49.390 [main] INFO  testCases.TC004_MacToCart - ****TEST COMPLETED******
23:11:54.332 [main] INFO  testCases.TC005_SamsungToCart - +_+_+_+_+_**Starting Testcase 05++^+&+&+*+*
23:11:57.677 [main] INFO  testCases.TC005_SamsungToCart - +_+_+_+_+_**Finishing Testcase 05++^+&+&+*+*
23:12:55.968 [main] INFO  testCases.TC004_MacToCart - ******TC004 Starting*****
23:12:56.378 [main] INFO  testCases.TC004_MacToCart - -------Logging into the app --------
23:12:58.557 [main] INFO  testCases.TC004_MacToCart - -------- adding the mac to cart ------
23:12:58.992 [main] INFO  testCases.TC004_MacToCart - ****TEST COMPLETED******
23:13:06.584 [main] INFO  testCases.TC005_SamsungToCart - +_+_+_+_+_**Starting Testcase 05++^+&+&+*+*
23:13:10.318 [main] INFO  testCases.TC005_SamsungToCart - +_+_+_+_+_**Finishing Testcase 05++^+&+&+*+*
23:14:45.342 [main] INFO  testCases.TC004_MacToCart - ******TC004 Starting*****
23:14:45.721 [main] INFO  testCases.TC004_MacToCart - -------Logging into the app --------
23:14:47.625 [main] INFO  testCases.TC004_MacToCart - -------- adding the mac to cart ------
23:14:47.958 [main] INFO  testCases.TC004_MacToCart - ****TEST COMPLETED******
23:14:53.612 [main] INFO  testCases.TC005_SamsungToCart - +_+_+_+_+_**Starting Testcase 05++^+&+&+*+*
15:03:59.578 [main] INFO  testCases.TC005_SamsungToCart - +_+_+_+_+_**Starting Testcase 05++^+&+&+*+*
15:04:05.612 [main] INFO  testCases.TC005_SamsungToCart - +_+_+_+_+_**Finishing Testcase 05++^+&+&+*+*
